<?xml version="1.0" encoding="UTF-8"?>
<!-- Generated by org.testng.reporters.JUnitReportReporter -->
<testsuite hostname="DESKTOP-2A8DDC6" failures="0" tests="3" name="Restasuree.RestApi.BarerToken" time="7.211" errors="0" timestamp="2023-07-05T17:14:44 IST" skipped="0">
  <testcase classname="Restasuree.RestApi.BarerToken" name="token" time="4.642"/>
  <system-out/>
  <testcase classname="Restasuree.RestApi.BarerToken" name="res" time="1.349"/>
  <system-out/>
  <testcase classname="Restasuree.RestApi.BarerToken" name="Getorderdetail" time="1.220"/>
  <system-out/>
</testsuite> <!-- Restasuree.RestApi.BarerToken -->
